0 info it worked if it ends with ok
1 verbose cli [ 'E:\\Arquivos de programas\\node.exe',
1 verbose cli   'C:\\Users\\Leonardo\\AppData\\Roaming\\npm\\node_modules\\npm\\bin\\npm-cli.js',
1 verbose cli   'run',
1 verbose cli   'build' ]
2 info using npm@3.10.5
3 info using node@v10.15.3
4 verbose run-script [ 'prebuild', 'build', 'postbuild' ]
5 info lifecycle vue-cli@~prebuild: vue-cli@
6 silly lifecycle vue-cli@~prebuild: no script for prebuild, continuing
7 info lifecycle vue-cli@~build: vue-cli@
8 verbose lifecycle vue-cli@~build: unsafe-perm in lifecycle true
9 verbose lifecycle vue-cli@~build: PATH: C:\Users\Leonardo\AppData\Roaming\npm\node_modules\npm\bin\node-gyp-bin;C:\Users\Leonardo\Desktop\vue exercises\Exercise 14 - Memory game\node_modules\.bin;E:\Arquivos de programas;C:\Program Files (x86)\Common Files\Oracle\Java\javapath;C:\ProgramData\Oracle\Java\javapath;C:\Windows\system32;C:\Windows;C:\Windows\System32\Wbem;C:\Windows\System32\WindowsPowerShell\v1.0\;C:\Program Files\Microsoft SQL Server\Client SDK\ODBC\110\Tools\Binn\;C:\Program Files (x86)\Microsoft SQL Server\120\Tools\Binn\;C:\Program Files\Microsoft SQL Server\120\Tools\Binn\;C:\Program Files\Microsoft SQL Server\120\DTS\Binn\;C:\Program Files (x86)\Microsoft SQL Server\120\Tools\Binn\ManagementStudio\;C:\Program Files (x86)\Microsoft SQL Server\120\DTS\Binn\;C:\Program Files\Microsoft SQL Server\110\Tools\Binn\;%TFSPowerToolDir%;%BPADir%;C:\Program Files (x86)\Microsoft ASP.NET\ASP.NET Web Pages\v1.0\;C:\Program Files\dotnet\;C:\Program Files\Microsoft SQL Server\130\Tools\Binn\;C:\ProgramData\chocolatey\bin;C:\Program Files\Git\cmd;C:\Program Files (x86)\AOMEI Backupper;E:\Arquivos de programas\;C:\Users\Leonardo\AppData\Local\Programs\Microsoft VS Code\bin;C:\Users\Leonardo\AppData\Roaming\npm
10 verbose lifecycle vue-cli@~build: CWD: C:\Users\Leonardo\Desktop\vue exercises\Exercise 14 - Memory game
11 silly lifecycle vue-cli@~build: Args: [ '/d /s /c',
11 silly lifecycle   'cross-env NODE_ENV=production webpack --progress --hide-modules' ]
12 silly lifecycle vue-cli@~build: Returned: code: 2  signal: null
13 info lifecycle vue-cli@~build: Failed to exec build script
14 verbose stack Error: vue-cli@ build: `cross-env NODE_ENV=production webpack --progress --hide-modules`
14 verbose stack Exit status 2
14 verbose stack     at EventEmitter.<anonymous> (C:\Users\Leonardo\AppData\Roaming\npm\node_modules\npm\lib\utils\lifecycle.js:242:16)
14 verbose stack     at EventEmitter.emit (events.js:189:13)
14 verbose stack     at ChildProcess.<anonymous> (C:\Users\Leonardo\AppData\Roaming\npm\node_modules\npm\lib\utils\spawn.js:40:14)
14 verbose stack     at ChildProcess.emit (events.js:189:13)
14 verbose stack     at maybeClose (internal/child_process.js:970:16)
14 verbose stack     at Process.ChildProcess._handle.onexit (internal/child_process.js:259:5)
15 verbose pkgid vue-cli@
16 verbose cwd C:\Users\Leonardo\Desktop\vue exercises\Exercise 14 - Memory game
17 error Windows_NT 6.3.9600
18 error argv "E:\\Arquivos de programas\\node.exe" "C:\\Users\\Leonardo\\AppData\\Roaming\\npm\\node_modules\\npm\\bin\\npm-cli.js" "run" "build"
19 error node v10.15.3
20 error npm  v3.10.5
21 error code ELIFECYCLE
22 error vue-cli@ build: `cross-env NODE_ENV=production webpack --progress --hide-modules`
22 error Exit status 2
23 error Failed at the vue-cli@ build script 'cross-env NODE_ENV=production webpack --progress --hide-modules'.
23 error Make sure you have the latest version of node.js and npm installed.
23 error If you do, this is most likely a problem with the vue-cli package,
23 error not with npm itself.
23 error Tell the author that this fails on your system:
23 error     cross-env NODE_ENV=production webpack --progress --hide-modules
23 error You can get information on how to open an issue for this project with:
23 error     npm bugs vue-cli
23 error Or if that isn't available, you can get their info via:
23 error     npm owner ls vue-cli
23 error There is likely additional logging output above.
24 verbose exit [ 1, true ]
